{"/Users/wulunyi/explore/sjsonc-parser/src/lexer/index.ts": {"path":"/Users/wulunyi/explore/sjsonc-parser/src/lexer/index.ts","statementMap":{"0":{"start":{"line":1,"column":0},"end":{"line":1,"column":27}},"1":{"start":{"line":2,"column":0},"end":{"line":2,"column":null}},"2":{"start":{"line":18,"column":21},"end":{"line":18,"column":33}},"3":{"start":{"line":23,"column":29},"end":{"line":23,"column":70}},"4":{"start":{"line":23,"column":51},"end":{"line":23,"column":63}},"5":{"start":{"line":28,"column":30},"end":{"line":33,"column":null}},"6":{"start":{"line":36,"column":14},"end":{"line":74,"column":2}},"7":{"start":{"line":88,"column":25},"end":{"line":88,"column":37}},"8":{"start":{"line":81,"column":4},"end":{"line":81,"column":29}},"9":{"start":{"line":82,"column":4},"end":{"line":82,"column":13}},"10":{"start":{"line":89,"column":8},"end":{"line":89,"column":26}},"11":{"start":{"line":91,"column":8},"end":{"line":91,"column":40}},"12":{"start":{"line":78,"column":8},"end":{"line":78,"column":30}},"13":{"start":{"line":85,"column":8},"end":{"line":85,"column":37}},"14":{"start":{"line":95,"column":8},"end":{"line":97,"column":null}},"15":{"start":{"line":96,"column":12},"end":{"line":96,"column":43}},"16":{"start":{"line":99,"column":8},"end":{"line":99,"column":37}},"17":{"start":{"line":76,"column":0},"end":{"line":76,"column":13}}},"fnMap":{"0":{"name":"(anonymous_0)","decl":{"start":{"line":23,"column":34},"end":{"line":23,"column":35}},"loc":{"start":{"line":23,"column":51},"end":{"line":23,"column":63}}},"1":{"name":"(anonymous_1)","decl":{"start":{"line":88,"column":4},"end":{"line":88,"column":25}},"loc":{"start":{"line":88,"column":37},"end":{"line":92,"column":5}}},"2":{"name":"(anonymous_2)","decl":{"start":{"line":77,"column":4},"end":{"line":77,"column":10}},"loc":{"start":{"line":77,"column":30},"end":{"line":79,"column":5}}},"3":{"name":"(anonymous_3)","decl":{"start":{"line":84,"column":4},"end":{"line":84,"column":8}},"loc":{"start":{"line":84,"column":15},"end":{"line":86,"column":5}}},"4":{"name":"(anonymous_4)","decl":{"start":{"line":94,"column":4},"end":{"line":94,"column":8}},"loc":{"start":{"line":94,"column":8},"end":{"line":100,"column":5}}}},"branchMap":{"0":{"loc":{"start":{"line":95,"column":8},"end":{"line":97,"column":null}},"type":"if","locations":[{"start":{"line":95,"column":8},"end":{"line":97,"column":null}},{"start":{"line":95,"column":8},"end":{"line":97,"column":null}}]},"1":{"loc":{"start":{"line":95,"column":12},"end":{"line":95,"column":27}},"type":"binary-expr","locations":[{"start":{"line":95,"column":12},"end":{"line":95,"column":27}},{"start":{"line":95,"column":31},"end":{"line":95,"column":52}}]}},"s":{"0":2,"1":2,"2":2,"3":2,"4":1,"5":2,"6":2,"7":12,"8":12,"9":12,"10":12,"11":12,"12":12,"13":26,"14":34,"15":33,"16":1,"17":2},"f":{"0":1,"1":12,"2":12,"3":26,"4":34},"b":{"0":[33,1],"1":[34,23]}}
,"/Users/wulunyi/explore/sjsonc-parser/src/parser/helper.ts": {"path":"/Users/wulunyi/explore/sjsonc-parser/src/parser/helper.ts","statementMap":{"0":{"start":{"line":17,"column":0},"end":{"line":17,"column":null}},"1":{"start":{"line":38,"column":4},"end":{"line":45,"column":6}},"2":{"start":{"line":33,"column":0},"end":{"line":33,"column":16}},"3":{"start":{"line":52,"column":4},"end":{"line":56,"column":6}},"4":{"start":{"line":48,"column":0},"end":{"line":48,"column":16}},"5":{"start":{"line":64,"column":4},"end":{"line":69,"column":6}},"6":{"start":{"line":59,"column":0},"end":{"line":59,"column":16}},"7":{"start":{"line":77,"column":4},"end":{"line":82,"column":6}},"8":{"start":{"line":72,"column":0},"end":{"line":72,"column":16}},"9":{"start":{"line":89,"column":4},"end":{"line":93,"column":6}},"10":{"start":{"line":85,"column":0},"end":{"line":85,"column":16}},"11":{"start":{"line":101,"column":4},"end":{"line":106,"column":6}},"12":{"start":{"line":96,"column":0},"end":{"line":96,"column":16}},"13":{"start":{"line":110,"column":4},"end":{"line":115,"column":6}},"14":{"start":{"line":109,"column":0},"end":{"line":109,"column":16}},"15":{"start":{"line":119,"column":4},"end":{"line":124,"column":6}},"16":{"start":{"line":118,"column":0},"end":{"line":118,"column":16}},"17":{"start":{"line":127,"column":21},"end":{"line":129,"column":null}},"18":{"start":{"line":132,"column":17},"end":{"line":132,"column":26}},"19":{"start":{"line":135,"column":4},"end":{"line":138,"column":6}},"20":{"start":{"line":134,"column":0},"end":{"line":134,"column":16}},"21":{"start":{"line":142,"column":16},"end":{"line":142,"column":38}},"22":{"start":{"line":143,"column":16},"end":{"line":143,"column":26}},"23":{"start":{"line":144,"column":23},"end":{"line":144,"column":40}},"24":{"start":{"line":146,"column":4},"end":{"line":153,"column":6}},"25":{"start":{"line":141,"column":0},"end":{"line":141,"column":16}},"26":{"start":{"line":157,"column":4},"end":{"line":160,"column":6}},"27":{"start":{"line":156,"column":0},"end":{"line":156,"column":16}},"28":{"start":{"line":164,"column":4},"end":{"line":167,"column":6}},"29":{"start":{"line":163,"column":0},"end":{"line":163,"column":16}},"30":{"start":{"line":171,"column":4},"end":{"line":171,"column":57}},"31":{"start":{"line":170,"column":0},"end":{"line":170,"column":16}},"32":{"start":{"line":175,"column":4},"end":{"line":175,"column":59}},"33":{"start":{"line":174,"column":0},"end":{"line":174,"column":16}},"34":{"start":{"line":179,"column":4},"end":{"line":179,"column":51}},"35":{"start":{"line":178,"column":0},"end":{"line":178,"column":16}},"36":{"start":{"line":182,"column":13},"end":{"line":182,"column":62}},"37":{"start":{"line":185,"column":4},"end":{"line":185,"column":51}},"38":{"start":{"line":184,"column":0},"end":{"line":184,"column":16}},"39":{"start":{"line":189,"column":4},"end":{"line":189,"column":58}},"40":{"start":{"line":188,"column":0},"end":{"line":188,"column":16}},"41":{"start":{"line":193,"column":4},"end":{"line":193,"column":59}},"42":{"start":{"line":192,"column":0},"end":{"line":192,"column":16}},"43":{"start":{"line":197,"column":4},"end":{"line":197,"column":78}},"44":{"start":{"line":196,"column":0},"end":{"line":196,"column":16}}},"fnMap":{"0":{"name":"createProgram","decl":{"start":{"line":33,"column":16},"end":{"line":33,"column":29}},"loc":{"start":{"line":36,"column":23},"end":{"line":46,"column":1}}},"1":{"name":"createObjectPattern","decl":{"start":{"line":48,"column":16},"end":{"line":48,"column":35}},"loc":{"start":{"line":50,"column":35},"end":{"line":57,"column":1}}},"2":{"name":"createProperty","decl":{"start":{"line":59,"column":16},"end":{"line":59,"column":30}},"loc":{"start":{"line":62,"column":23},"end":{"line":70,"column":1}}},"3":{"name":"createIdentifier","decl":{"start":{"line":72,"column":16},"end":{"line":72,"column":32}},"loc":{"start":{"line":75,"column":23},"end":{"line":83,"column":1}}},"4":{"name":"createArrayPattern","decl":{"start":{"line":85,"column":16},"end":{"line":85,"column":34}},"loc":{"start":{"line":87,"column":30},"end":{"line":94,"column":1}}},"5":{"name":"createLiteral","decl":{"start":{"line":96,"column":16},"end":{"line":96,"column":29}},"loc":{"start":{"line":99,"column":23},"end":{"line":107,"column":1}}},"6":{"name":"createLineComment","decl":{"start":{"line":109,"column":16},"end":{"line":109,"column":33}},"loc":{"start":{"line":109,"column":50},"end":{"line":116,"column":1}}},"7":{"name":"createBlockComment","decl":{"start":{"line":118,"column":16},"end":{"line":118,"column":34}},"loc":{"start":{"line":118,"column":51},"end":{"line":125,"column":1}}},"8":{"name":"startLocation","decl":{"start":{"line":134,"column":16},"end":{"line":134,"column":29}},"loc":{"start":{"line":134,"column":46},"end":{"line":139,"column":1}}},"9":{"name":"endLocation","decl":{"start":{"line":141,"column":16},"end":{"line":141,"column":27}},"loc":{"start":{"line":141,"column":44},"end":{"line":154,"column":1}}},"10":{"name":"createSourceLocation","decl":{"start":{"line":156,"column":16},"end":{"line":156,"column":36}},"loc":{"start":{"line":156,"column":53},"end":{"line":161,"column":1}}},"11":{"name":"isNotUseToken","decl":{"start":{"line":163,"column":16},"end":{"line":163,"column":29}},"loc":{"start":{"line":163,"column":46},"end":{"line":168,"column":1}}},"12":{"name":"isRightBraceToken","decl":{"start":{"line":170,"column":16},"end":{"line":170,"column":33}},"loc":{"start":{"line":170,"column":51},"end":{"line":172,"column":1}}},"13":{"name":"isRightBracketToken","decl":{"start":{"line":174,"column":16},"end":{"line":174,"column":35}},"loc":{"start":{"line":174,"column":53},"end":{"line":176,"column":1}}},"14":{"name":"isColonToken","decl":{"start":{"line":178,"column":16},"end":{"line":178,"column":28}},"loc":{"start":{"line":178,"column":46},"end":{"line":180,"column":1}}},"15":{"name":"isCommaToken","decl":{"start":{"line":184,"column":16},"end":{"line":184,"column":28}},"loc":{"start":{"line":184,"column":46},"end":{"line":186,"column":1}}},"16":{"name":"isLineCommentToken","decl":{"start":{"line":188,"column":16},"end":{"line":188,"column":34}},"loc":{"start":{"line":188,"column":52},"end":{"line":190,"column":1}}},"17":{"name":"isBlockCommentToken","decl":{"start":{"line":192,"column":16},"end":{"line":192,"column":35}},"loc":{"start":{"line":192,"column":53},"end":{"line":194,"column":1}}},"18":{"name":"isCommentToken","decl":{"start":{"line":196,"column":16},"end":{"line":196,"column":30}},"loc":{"start":{"line":196,"column":48},"end":{"line":198,"column":1}}}},"branchMap":{"0":{"loc":{"start":{"line":50,"column":33},"end":{"line":50,"column":35}},"type":"default-arg","locations":[{"start":{"line":50,"column":33},"end":{"line":50,"column":35}}]},"1":{"loc":{"start":{"line":87,"column":28},"end":{"line":87,"column":30}},"type":"default-arg","locations":[{"start":{"line":87,"column":28},"end":{"line":87,"column":30}}]},"2":{"loc":{"start":{"line":171,"column":11},"end":{"line":171,"column":16}},"type":"binary-expr","locations":[{"start":{"line":171,"column":11},"end":{"line":171,"column":16}},{"start":{"line":171,"column":20},"end":{"line":171,"column":56}}]},"3":{"loc":{"start":{"line":175,"column":11},"end":{"line":175,"column":16}},"type":"binary-expr","locations":[{"start":{"line":175,"column":11},"end":{"line":175,"column":16}},{"start":{"line":175,"column":20},"end":{"line":175,"column":58}}]},"4":{"loc":{"start":{"line":179,"column":11},"end":{"line":179,"column":16}},"type":"binary-expr","locations":[{"start":{"line":179,"column":11},"end":{"line":179,"column":16}},{"start":{"line":179,"column":20},"end":{"line":179,"column":50}}]},"5":{"loc":{"start":{"line":185,"column":11},"end":{"line":185,"column":16}},"type":"binary-expr","locations":[{"start":{"line":185,"column":11},"end":{"line":185,"column":16}},{"start":{"line":185,"column":20},"end":{"line":185,"column":50}}]},"6":{"loc":{"start":{"line":189,"column":11},"end":{"line":189,"column":16}},"type":"binary-expr","locations":[{"start":{"line":189,"column":11},"end":{"line":189,"column":16}},{"start":{"line":189,"column":20},"end":{"line":189,"column":57}}]},"7":{"loc":{"start":{"line":193,"column":11},"end":{"line":193,"column":16}},"type":"binary-expr","locations":[{"start":{"line":193,"column":11},"end":{"line":193,"column":16}},{"start":{"line":193,"column":20},"end":{"line":193,"column":58}}]},"8":{"loc":{"start":{"line":197,"column":11},"end":{"line":197,"column":16}},"type":"binary-expr","locations":[{"start":{"line":197,"column":11},"end":{"line":197,"column":16}},{"start":{"line":197,"column":20},"end":{"line":197,"column":77}}]}},"s":{"0":1,"1":1,"2":1,"3":1,"4":1,"5":0,"6":1,"7":0,"8":1,"9":0,"10":1,"11":0,"12":1,"13":0,"14":1,"15":0,"16":1,"17":1,"18":1,"19":1,"20":1,"21":2,"22":2,"23":2,"24":2,"25":1,"26":1,"27":1,"28":2,"29":1,"30":1,"31":1,"32":0,"33":1,"34":0,"35":1,"36":1,"37":0,"38":1,"39":1,"40":1,"41":1,"42":1,"43":1,"44":1},"f":{"0":1,"1":1,"2":0,"3":0,"4":0,"5":0,"6":0,"7":0,"8":1,"9":2,"10":1,"11":2,"12":1,"13":0,"14":0,"15":0,"16":1,"17":1,"18":1},"b":{"0":[1],"1":[0],"2":[1,1],"3":[0,0],"4":[0,0],"5":[0,0],"6":[1,1],"7":[1,1],"8":[1,1]}}
,"/Users/wulunyi/explore/sjsonc-parser/src/parser/index.ts": {"path":"/Users/wulunyi/explore/sjsonc-parser/src/parser/index.ts","statementMap":{"0":{"start":{"line":11,"column":0},"end":{"line":11,"column":null}},"1":{"start":{"line":32,"column":0},"end":{"line":32,"column":33}},"2":{"start":{"line":33,"column":0},"end":{"line":33,"column":55}},"3":{"start":{"line":36,"column":18},"end":{"line":36,"column":36}},"4":{"start":{"line":37,"column":32},"end":{"line":37,"column":34}},"5":{"start":{"line":38,"column":32},"end":{"line":38,"column":34}},"6":{"start":{"line":40,"column":17},"end":{"line":44,"column":5}},"7":{"start":{"line":41,"column":8},"end":{"line":41,"column":77}},"8":{"start":{"line":43,"column":8},"end":{"line":43,"column":29}},"9":{"start":{"line":46,"column":28},"end":{"line":52,"column":5}},"10":{"start":{"line":47,"column":8},"end":{"line":51,"column":null}},"11":{"start":{"line":48,"column":12},"end":{"line":48,"column":52}},"12":{"start":{"line":49,"column":15},"end":{"line":51,"column":null}},"13":{"start":{"line":50,"column":12},"end":{"line":50,"column":53}},"14":{"start":{"line":54,"column":24},"end":{"line":91,"column":5}},"15":{"start":{"line":55,"column":23},"end":{"line":55,"column":79}},"16":{"start":{"line":57,"column":8},"end":{"line":86,"column":null}},"17":{"start":{"line":58,"column":26},"end":{"line":58,"column":39}},"18":{"start":{"line":60,"column":12},"end":{"line":62,"column":null}},"19":{"start":{"line":61,"column":16},"end":{"line":61,"column":40}},"20":{"start":{"line":64,"column":12},"end":{"line":68,"column":null}},"21":{"start":{"line":65,"column":16},"end":{"line":65,"column":39}},"22":{"start":{"line":67,"column":16},"end":{"line":67,"column":25}},"23":{"start":{"line":70,"column":12},"end":{"line":77,"column":null}},"24":{"start":{"line":73,"column":20},"end":{"line":73,"column":63}},"25":{"start":{"line":74,"column":20},"end":{"line":74,"column":26}},"26":{"start":{"line":76,"column":20},"end":{"line":76,"column":44}},"27":{"start":{"line":79,"column":12},"end":{"line":85,"column":null}},"28":{"start":{"line":80,"column":16},"end":{"line":80,"column":25}},"29":{"start":{"line":81,"column":19},"end":{"line":85,"column":null}},"30":{"start":{"line":82,"column":16},"end":{"line":82,"column":22}},"31":{"start":{"line":84,"column":16},"end":{"line":84,"column":40}},"32":{"start":{"line":88,"column":8},"end":{"line":88,"column":52}},"33":{"start":{"line":90,"column":8},"end":{"line":90,"column":22}},"34":{"start":{"line":93,"column":26},"end":{"line":111,"column":5}},"35":{"start":{"line":94,"column":20},"end":{"line":97,"column":null}},"36":{"start":{"line":100,"column":8},"end":{"line":108,"column":null}},"37":{"start":{"line":101,"column":26},"end":{"line":101,"column":32}},"38":{"start":{"line":102,"column":26},"end":{"line":102,"column":43}},"39":{"start":{"line":104,"column":12},"end":{"line":107,"column":15}},"40":{"start":{"line":110,"column":8},"end":{"line":110,"column":32}},"41":{"start":{"line":113,"column":23},"end":{"line":137,"column":5}},"42":{"start":{"line":114,"column":22},"end":{"line":114,"column":77}},"43":{"start":{"line":116,"column":8},"end":{"line":132,"column":null}},"44":{"start":{"line":117,"column":26},"end":{"line":117,"column":39}},"45":{"start":{"line":119,"column":12},"end":{"line":121,"column":null}},"46":{"start":{"line":120,"column":16},"end":{"line":120,"column":40}},"47":{"start":{"line":123,"column":12},"end":{"line":123,"column":51}},"48":{"start":{"line":125,"column":12},"end":{"line":131,"column":null}},"49":{"start":{"line":126,"column":16},"end":{"line":126,"column":25}},"50":{"start":{"line":127,"column":19},"end":{"line":131,"column":null}},"51":{"start":{"line":128,"column":16},"end":{"line":128,"column":22}},"52":{"start":{"line":130,"column":16},"end":{"line":130,"column":40}},"53":{"start":{"line":134,"column":8},"end":{"line":134,"column":51}},"54":{"start":{"line":136,"column":8},"end":{"line":136,"column":21}},"55":{"start":{"line":139,"column":23},"end":{"line":189,"column":5}},"56":{"start":{"line":142,"column":8},"end":{"line":186,"column":null}},"57":{"start":{"line":144,"column":16},"end":{"line":148,"column":18}},"58":{"start":{"line":149,"column":16},"end":{"line":149,"column":22}},"59":{"start":{"line":151,"column":16},"end":{"line":155,"column":18}},"60":{"start":{"line":156,"column":16},"end":{"line":156,"column":22}},"61":{"start":{"line":158,"column":16},"end":{"line":162,"column":18}},"62":{"start":{"line":163,"column":16},"end":{"line":163,"column":22}},"63":{"start":{"line":165,"column":16},"end":{"line":169,"column":18}},"64":{"start":{"line":170,"column":16},"end":{"line":170,"column":22}},"65":{"start":{"line":172,"column":16},"end":{"line":176,"column":18}},"66":{"start":{"line":177,"column":16},"end":{"line":177,"column":22}},"67":{"start":{"line":179,"column":16},"end":{"line":179,"column":38}},"68":{"start":{"line":180,"column":16},"end":{"line":180,"column":22}},"69":{"start":{"line":182,"column":16},"end":{"line":182,"column":37}},"70":{"start":{"line":183,"column":16},"end":{"line":183,"column":22}},"71":{"start":{"line":185,"column":16},"end":{"line":185,"column":40}},"72":{"start":{"line":188,"column":8},"end":{"line":188,"column":21}},"73":{"start":{"line":191,"column":4},"end":{"line":210,"column":null}},"74":{"start":{"line":192,"column":22},"end":{"line":192,"column":35}},"75":{"start":{"line":194,"column":8},"end":{"line":198,"column":null}},"76":{"start":{"line":195,"column":12},"end":{"line":195,"column":35}},"77":{"start":{"line":197,"column":12},"end":{"line":197,"column":21}},"78":{"start":{"line":200,"column":8},"end":{"line":209,"column":null}},"79":{"start":{"line":202,"column":16},"end":{"line":202,"column":45}},"80":{"start":{"line":203,"column":16},"end":{"line":203,"column":22}},"81":{"start":{"line":205,"column":16},"end":{"line":205,"column":44}},"82":{"start":{"line":206,"column":16},"end":{"line":206,"column":22}},"83":{"start":{"line":208,"column":16},"end":{"line":208,"column":40}},"84":{"start":{"line":214,"column":4},"end":{"line":230,"column":null}},"85":{"start":{"line":215,"column":8},"end":{"line":224,"column":10}},"86":{"start":{"line":226,"column":8},"end":{"line":229,"column":10}},"87":{"start":{"line":232,"column":4},"end":{"line":232,"column":50}},"88":{"start":{"line":35,"column":0},"end":{"line":35,"column":16}}},"fnMap":{"0":{"name":"parse","decl":{"start":{"line":35,"column":16},"end":{"line":35,"column":21}},"loc":{"start":{"line":35,"column":31},"end":{"line":233,"column":1}}},"1":{"name":"(anonymous_1)","decl":{"start":{"line":40,"column":17},"end":{"line":40,"column":20}},"loc":{"start":{"line":40,"column":22},"end":{"line":44,"column":5}}},"2":{"name":"(anonymous_2)","decl":{"start":{"line":46,"column":28},"end":{"line":46,"column":29}},"loc":{"start":{"line":46,"column":49},"end":{"line":52,"column":5}}},"3":{"name":"(anonymous_3)","decl":{"start":{"line":54,"column":24},"end":{"line":54,"column":42}},"loc":{"start":{"line":54,"column":44},"end":{"line":91,"column":5}}},"4":{"name":"(anonymous_4)","decl":{"start":{"line":93,"column":26},"end":{"line":93,"column":27}},"loc":{"start":{"line":93,"column":64},"end":{"line":111,"column":5}}},"5":{"name":"(anonymous_5)","decl":{"start":{"line":113,"column":23},"end":{"line":113,"column":40}},"loc":{"start":{"line":113,"column":42},"end":{"line":137,"column":5}}},"6":{"name":"(anonymous_6)","decl":{"start":{"line":139,"column":23},"end":{"line":139,"column":24}},"loc":{"start":{"line":139,"column":55},"end":{"line":189,"column":5}}}},"branchMap":{"0":{"loc":{"start":{"line":35,"column":29},"end":{"line":35,"column":31}},"type":"default-arg","locations":[{"start":{"line":35,"column":29},"end":{"line":35,"column":31}}]},"1":{"loc":{"start":{"line":41,"column":15},"end":{"line":41,"column":41}},"type":"binary-expr","locations":[{"start":{"line":41,"column":15},"end":{"line":41,"column":41}},{"start":{"line":41,"column":45},"end":{"line":41,"column":73}}]},"2":{"loc":{"start":{"line":47,"column":8},"end":{"line":51,"column":null}},"type":"if","locations":[{"start":{"line":47,"column":8},"end":{"line":51,"column":null}},{"start":{"line":47,"column":8},"end":{"line":51,"column":null}}]},"3":{"loc":{"start":{"line":49,"column":15},"end":{"line":51,"column":null}},"type":"if","locations":[{"start":{"line":49,"column":15},"end":{"line":51,"column":null}},{"start":{"line":49,"column":15},"end":{"line":51,"column":null}}]},"4":{"loc":{"start":{"line":60,"column":12},"end":{"line":62,"column":null}},"type":"if","locations":[{"start":{"line":60,"column":12},"end":{"line":62,"column":null}},{"start":{"line":60,"column":12},"end":{"line":62,"column":null}}]},"5":{"loc":{"start":{"line":64,"column":12},"end":{"line":68,"column":null}},"type":"if","locations":[{"start":{"line":64,"column":12},"end":{"line":68,"column":null}},{"start":{"line":64,"column":12},"end":{"line":68,"column":null}}]},"6":{"loc":{"start":{"line":71,"column":16},"end":{"line":71,"column":34}},"type":"switch","locations":[{"start":{"line":71,"column":16},"end":{"line":71,"column":34}},{"start":{"line":72,"column":16},"end":{"line":74,"column":26}},{"start":{"line":75,"column":16},"end":{"line":76,"column":44}}]},"7":{"loc":{"start":{"line":79,"column":12},"end":{"line":85,"column":null}},"type":"if","locations":[{"start":{"line":79,"column":12},"end":{"line":85,"column":null}},{"start":{"line":79,"column":12},"end":{"line":85,"column":null}}]},"8":{"loc":{"start":{"line":81,"column":19},"end":{"line":85,"column":null}},"type":"if","locations":[{"start":{"line":81,"column":19},"end":{"line":85,"column":null}},{"start":{"line":81,"column":19},"end":{"line":85,"column":null}}]},"9":{"loc":{"start":{"line":100,"column":8},"end":{"line":108,"column":null}},"type":"if","locations":[{"start":{"line":100,"column":8},"end":{"line":108,"column":null}},{"start":{"line":100,"column":8},"end":{"line":108,"column":null}}]},"10":{"loc":{"start":{"line":119,"column":12},"end":{"line":121,"column":null}},"type":"if","locations":[{"start":{"line":119,"column":12},"end":{"line":121,"column":null}},{"start":{"line":119,"column":12},"end":{"line":121,"column":null}}]},"11":{"loc":{"start":{"line":125,"column":12},"end":{"line":131,"column":null}},"type":"if","locations":[{"start":{"line":125,"column":12},"end":{"line":131,"column":null}},{"start":{"line":125,"column":12},"end":{"line":131,"column":null}}]},"12":{"loc":{"start":{"line":127,"column":19},"end":{"line":131,"column":null}},"type":"if","locations":[{"start":{"line":127,"column":19},"end":{"line":131,"column":null}},{"start":{"line":127,"column":19},"end":{"line":131,"column":null}}]},"13":{"loc":{"start":{"line":143,"column":12},"end":{"line":149,"column":22}},"type":"switch","locations":[{"start":{"line":143,"column":12},"end":{"line":149,"column":22}},{"start":{"line":150,"column":12},"end":{"line":156,"column":22}},{"start":{"line":157,"column":12},"end":{"line":163,"column":22}},{"start":{"line":164,"column":12},"end":{"line":170,"column":22}},{"start":{"line":171,"column":12},"end":{"line":177,"column":22}},{"start":{"line":178,"column":12},"end":{"line":180,"column":22}},{"start":{"line":181,"column":12},"end":{"line":183,"column":22}},{"start":{"line":184,"column":12},"end":{"line":185,"column":40}}]},"14":{"loc":{"start":{"line":194,"column":8},"end":{"line":198,"column":null}},"type":"if","locations":[{"start":{"line":194,"column":8},"end":{"line":198,"column":null}},{"start":{"line":194,"column":8},"end":{"line":198,"column":null}}]},"15":{"loc":{"start":{"line":201,"column":12},"end":{"line":203,"column":22}},"type":"switch","locations":[{"start":{"line":201,"column":12},"end":{"line":203,"column":22}},{"start":{"line":204,"column":12},"end":{"line":206,"column":22}},{"start":{"line":207,"column":12},"end":{"line":208,"column":40}}]},"16":{"loc":{"start":{"line":214,"column":4},"end":{"line":230,"column":null}},"type":"if","locations":[{"start":{"line":214,"column":4},"end":{"line":230,"column":null}},{"start":{"line":214,"column":4},"end":{"line":230,"column":null}}]}},"s":{"0":1,"1":1,"2":1,"3":1,"4":1,"5":1,"6":1,"7":3,"8":3,"9":1,"10":0,"11":0,"12":0,"13":0,"14":1,"15":1,"16":1,"17":0,"18":0,"19":0,"20":0,"21":0,"22":0,"23":0,"24":0,"25":0,"26":0,"27":0,"28":0,"29":0,"30":0,"31":0,"32":1,"33":1,"34":1,"35":0,"36":0,"37":0,"38":0,"39":0,"40":0,"41":1,"42":0,"43":0,"44":0,"45":0,"46":0,"47":0,"48":0,"49":0,"50":0,"51":0,"52":0,"53":0,"54":0,"55":1,"56":0,"57":0,"58":0,"59":0,"60":0,"61":0,"62":0,"63":0,"64":0,"65":0,"66":0,"67":0,"68":0,"69":0,"70":0,"71":0,"72":0,"73":1,"74":1,"75":1,"76":0,"77":0,"78":1,"79":1,"80":1,"81":0,"82":0,"83":0,"84":1,"85":0,"86":1,"87":1,"88":1},"f":{"0":1,"1":3,"2":0,"3":1,"4":0,"5":0,"6":0},"b":{"0":[0],"1":[3,2],"2":[0,0],"3":[0,0],"4":[0,0],"5":[0,0],"6":[0,0,0],"7":[0,0],"8":[0,0],"9":[0,0],"10":[0,0],"11":[0,0],"12":[0,0],"13":[0,0,0,0,0,0,0,0],"14":[0,1],"15":[1,0,0],"16":[0,1]}}
}
