{"/Users/wulunyi/explore/sjsonc-parser/src/lexer/index.ts": {"path":"/Users/wulunyi/explore/sjsonc-parser/src/lexer/index.ts","statementMap":{"0":{"start":{"line":1,"column":0},"end":{"line":1,"column":27}},"1":{"start":{"line":2,"column":0},"end":{"line":2,"column":null}},"2":{"start":{"line":18,"column":21},"end":{"line":18,"column":33}},"3":{"start":{"line":23,"column":29},"end":{"line":23,"column":70}},"4":{"start":{"line":23,"column":51},"end":{"line":23,"column":63}},"5":{"start":{"line":28,"column":30},"end":{"line":33,"column":null}},"6":{"start":{"line":36,"column":14},"end":{"line":74,"column":2}},"7":{"start":{"line":88,"column":25},"end":{"line":88,"column":37}},"8":{"start":{"line":81,"column":4},"end":{"line":81,"column":29}},"9":{"start":{"line":82,"column":4},"end":{"line":82,"column":13}},"10":{"start":{"line":89,"column":8},"end":{"line":89,"column":26}},"11":{"start":{"line":91,"column":8},"end":{"line":91,"column":40}},"12":{"start":{"line":78,"column":8},"end":{"line":78,"column":30}},"13":{"start":{"line":85,"column":8},"end":{"line":85,"column":37}},"14":{"start":{"line":95,"column":8},"end":{"line":97,"column":null}},"15":{"start":{"line":96,"column":12},"end":{"line":96,"column":43}},"16":{"start":{"line":99,"column":8},"end":{"line":99,"column":37}},"17":{"start":{"line":76,"column":0},"end":{"line":76,"column":13}}},"fnMap":{"0":{"name":"(anonymous_0)","decl":{"start":{"line":23,"column":34},"end":{"line":23,"column":35}},"loc":{"start":{"line":23,"column":51},"end":{"line":23,"column":63}}},"1":{"name":"(anonymous_1)","decl":{"start":{"line":88,"column":4},"end":{"line":88,"column":25}},"loc":{"start":{"line":88,"column":37},"end":{"line":92,"column":5}}},"2":{"name":"(anonymous_2)","decl":{"start":{"line":77,"column":4},"end":{"line":77,"column":10}},"loc":{"start":{"line":77,"column":30},"end":{"line":79,"column":5}}},"3":{"name":"(anonymous_3)","decl":{"start":{"line":84,"column":4},"end":{"line":84,"column":8}},"loc":{"start":{"line":84,"column":15},"end":{"line":86,"column":5}}},"4":{"name":"(anonymous_4)","decl":{"start":{"line":94,"column":4},"end":{"line":94,"column":8}},"loc":{"start":{"line":94,"column":8},"end":{"line":100,"column":5}}}},"branchMap":{"0":{"loc":{"start":{"line":95,"column":8},"end":{"line":97,"column":null}},"type":"if","locations":[{"start":{"line":95,"column":8},"end":{"line":97,"column":null}},{"start":{"line":95,"column":8},"end":{"line":97,"column":null}}]},"1":{"loc":{"start":{"line":95,"column":12},"end":{"line":95,"column":27}},"type":"binary-expr","locations":[{"start":{"line":95,"column":12},"end":{"line":95,"column":27}},{"start":{"line":95,"column":31},"end":{"line":95,"column":52}}]}},"s":{"0":2,"1":2,"2":2,"3":2,"4":1,"5":2,"6":2,"7":15,"8":15,"9":15,"10":15,"11":15,"12":15,"13":104,"14":75,"15":74,"16":1,"17":2},"f":{"0":1,"1":15,"2":15,"3":104,"4":75},"b":{"0":[74,1],"1":[75,61]}}
,"/Users/wulunyi/explore/sjsonc-parser/src/parser/helper.ts": {"path":"/Users/wulunyi/explore/sjsonc-parser/src/parser/helper.ts","statementMap":{"0":{"start":{"line":15,"column":0},"end":{"line":15,"column":null}},"1":{"start":{"line":33,"column":4},"end":{"line":37,"column":6}},"2":{"start":{"line":32,"column":0},"end":{"line":32,"column":16}},"3":{"start":{"line":43,"column":4},"end":{"line":46,"column":6}},"4":{"start":{"line":40,"column":0},"end":{"line":40,"column":16}},"5":{"start":{"line":53,"column":4},"end":{"line":57,"column":6}},"6":{"start":{"line":49,"column":0},"end":{"line":49,"column":16}},"7":{"start":{"line":61,"column":4},"end":{"line":65,"column":6}},"8":{"start":{"line":60,"column":0},"end":{"line":60,"column":16}},"9":{"start":{"line":69,"column":4},"end":{"line":72,"column":6}},"10":{"start":{"line":68,"column":0},"end":{"line":68,"column":16}},"11":{"start":{"line":76,"column":4},"end":{"line":80,"column":6}},"12":{"start":{"line":75,"column":0},"end":{"line":75,"column":16}},"13":{"start":{"line":84,"column":4},"end":{"line":89,"column":6}},"14":{"start":{"line":83,"column":0},"end":{"line":83,"column":16}},"15":{"start":{"line":93,"column":4},"end":{"line":98,"column":6}},"16":{"start":{"line":92,"column":0},"end":{"line":92,"column":16}},"17":{"start":{"line":101,"column":21},"end":{"line":103,"column":null}},"18":{"start":{"line":106,"column":17},"end":{"line":106,"column":26}},"19":{"start":{"line":109,"column":16},"end":{"line":109,"column":38}},"20":{"start":{"line":110,"column":16},"end":{"line":110,"column":26}},"21":{"start":{"line":111,"column":23},"end":{"line":111,"column":40}},"22":{"start":{"line":113,"column":4},"end":{"line":126,"column":6}},"23":{"start":{"line":108,"column":0},"end":{"line":108,"column":16}},"24":{"start":{"line":130,"column":4},"end":{"line":133,"column":6}},"25":{"start":{"line":129,"column":0},"end":{"line":129,"column":16}},"26":{"start":{"line":137,"column":4},"end":{"line":137,"column":57}},"27":{"start":{"line":136,"column":0},"end":{"line":136,"column":16}},"28":{"start":{"line":141,"column":4},"end":{"line":141,"column":59}},"29":{"start":{"line":140,"column":0},"end":{"line":140,"column":16}},"30":{"start":{"line":145,"column":4},"end":{"line":145,"column":51}},"31":{"start":{"line":144,"column":0},"end":{"line":144,"column":16}},"32":{"start":{"line":148,"column":13},"end":{"line":148,"column":62}},"33":{"start":{"line":151,"column":4},"end":{"line":151,"column":51}},"34":{"start":{"line":150,"column":0},"end":{"line":150,"column":16}},"35":{"start":{"line":155,"column":4},"end":{"line":155,"column":58}},"36":{"start":{"line":154,"column":0},"end":{"line":154,"column":16}},"37":{"start":{"line":159,"column":4},"end":{"line":159,"column":59}},"38":{"start":{"line":158,"column":0},"end":{"line":158,"column":16}},"39":{"start":{"line":163,"column":4},"end":{"line":163,"column":78}},"40":{"start":{"line":162,"column":0},"end":{"line":162,"column":16}}},"fnMap":{"0":{"name":"createProgram","decl":{"start":{"line":32,"column":16},"end":{"line":32,"column":29}},"loc":{"start":{"line":32,"column":50},"end":{"line":38,"column":1}}},"1":{"name":"createObjectPattern","decl":{"start":{"line":40,"column":16},"end":{"line":40,"column":35}},"loc":{"start":{"line":41,"column":35},"end":{"line":47,"column":1}}},"2":{"name":"createProperty","decl":{"start":{"line":49,"column":16},"end":{"line":49,"column":30}},"loc":{"start":{"line":51,"column":20},"end":{"line":58,"column":1}}},"3":{"name":"createIdentifier","decl":{"start":{"line":60,"column":16},"end":{"line":60,"column":32}},"loc":{"start":{"line":60,"column":59},"end":{"line":66,"column":1}}},"4":{"name":"createArrayPattern","decl":{"start":{"line":68,"column":16},"end":{"line":68,"column":34}},"loc":{"start":{"line":68,"column":61},"end":{"line":73,"column":1}}},"5":{"name":"createLiteral","decl":{"start":{"line":75,"column":16},"end":{"line":75,"column":29}},"loc":{"start":{"line":75,"column":58},"end":{"line":81,"column":1}}},"6":{"name":"createLineComment","decl":{"start":{"line":83,"column":16},"end":{"line":83,"column":33}},"loc":{"start":{"line":83,"column":50},"end":{"line":90,"column":1}}},"7":{"name":"createBlockComment","decl":{"start":{"line":92,"column":16},"end":{"line":92,"column":34}},"loc":{"start":{"line":92,"column":51},"end":{"line":99,"column":1}}},"8":{"name":"createSourceLocation","decl":{"start":{"line":108,"column":16},"end":{"line":108,"column":36}},"loc":{"start":{"line":108,"column":53},"end":{"line":127,"column":1}}},"9":{"name":"isNotUseToken","decl":{"start":{"line":129,"column":16},"end":{"line":129,"column":29}},"loc":{"start":{"line":129,"column":46},"end":{"line":134,"column":1}}},"10":{"name":"isRightBraceToken","decl":{"start":{"line":136,"column":16},"end":{"line":136,"column":33}},"loc":{"start":{"line":136,"column":51},"end":{"line":138,"column":1}}},"11":{"name":"isRightBracketToken","decl":{"start":{"line":140,"column":16},"end":{"line":140,"column":35}},"loc":{"start":{"line":140,"column":53},"end":{"line":142,"column":1}}},"12":{"name":"isColonToken","decl":{"start":{"line":144,"column":16},"end":{"line":144,"column":28}},"loc":{"start":{"line":144,"column":46},"end":{"line":146,"column":1}}},"13":{"name":"isCommaToken","decl":{"start":{"line":150,"column":16},"end":{"line":150,"column":28}},"loc":{"start":{"line":150,"column":46},"end":{"line":152,"column":1}}},"14":{"name":"isLineCommentToken","decl":{"start":{"line":154,"column":16},"end":{"line":154,"column":34}},"loc":{"start":{"line":154,"column":52},"end":{"line":156,"column":1}}},"15":{"name":"isBlockCommentToken","decl":{"start":{"line":158,"column":16},"end":{"line":158,"column":35}},"loc":{"start":{"line":158,"column":53},"end":{"line":160,"column":1}}},"16":{"name":"isCommentToken","decl":{"start":{"line":162,"column":16},"end":{"line":162,"column":30}},"loc":{"start":{"line":162,"column":48},"end":{"line":164,"column":1}}}},"branchMap":{"0":{"loc":{"start":{"line":32,"column":48},"end":{"line":32,"column":50}},"type":"default-arg","locations":[{"start":{"line":32,"column":48},"end":{"line":32,"column":50}}]},"1":{"loc":{"start":{"line":41,"column":33},"end":{"line":41,"column":35}},"type":"default-arg","locations":[{"start":{"line":41,"column":33},"end":{"line":41,"column":35}}]},"2":{"loc":{"start":{"line":68,"column":59},"end":{"line":68,"column":61}},"type":"default-arg","locations":[{"start":{"line":68,"column":59},"end":{"line":68,"column":61}}]},"3":{"loc":{"start":{"line":137,"column":11},"end":{"line":137,"column":16}},"type":"binary-expr","locations":[{"start":{"line":137,"column":11},"end":{"line":137,"column":16}},{"start":{"line":137,"column":20},"end":{"line":137,"column":56}}]},"4":{"loc":{"start":{"line":141,"column":11},"end":{"line":141,"column":16}},"type":"binary-expr","locations":[{"start":{"line":141,"column":11},"end":{"line":141,"column":16}},{"start":{"line":141,"column":20},"end":{"line":141,"column":58}}]},"5":{"loc":{"start":{"line":145,"column":11},"end":{"line":145,"column":16}},"type":"binary-expr","locations":[{"start":{"line":145,"column":11},"end":{"line":145,"column":16}},{"start":{"line":145,"column":20},"end":{"line":145,"column":50}}]},"6":{"loc":{"start":{"line":151,"column":11},"end":{"line":151,"column":16}},"type":"binary-expr","locations":[{"start":{"line":151,"column":11},"end":{"line":151,"column":16}},{"start":{"line":151,"column":20},"end":{"line":151,"column":50}}]},"7":{"loc":{"start":{"line":155,"column":11},"end":{"line":155,"column":16}},"type":"binary-expr","locations":[{"start":{"line":155,"column":11},"end":{"line":155,"column":16}},{"start":{"line":155,"column":20},"end":{"line":155,"column":57}}]},"8":{"loc":{"start":{"line":159,"column":11},"end":{"line":159,"column":16}},"type":"binary-expr","locations":[{"start":{"line":159,"column":11},"end":{"line":159,"column":16}},{"start":{"line":159,"column":20},"end":{"line":159,"column":58}}]},"9":{"loc":{"start":{"line":163,"column":11},"end":{"line":163,"column":16}},"type":"binary-expr","locations":[{"start":{"line":163,"column":11},"end":{"line":163,"column":16}},{"start":{"line":163,"column":20},"end":{"line":163,"column":77}}]}},"s":{"0":1,"1":6,"2":1,"3":4,"4":1,"5":6,"6":1,"7":6,"8":1,"9":2,"10":1,"11":6,"12":1,"13":0,"14":1,"15":0,"16":1,"17":1,"18":1,"19":0,"20":0,"21":0,"22":0,"23":1,"24":40,"25":1,"26":9,"27":1,"28":1,"29":1,"30":6,"31":1,"32":1,"33":6,"34":1,"35":10,"36":1,"37":10,"38":1,"39":10,"40":1},"f":{"0":6,"1":4,"2":6,"3":6,"4":2,"5":6,"6":0,"7":0,"8":0,"9":40,"10":9,"11":1,"12":6,"13":6,"14":10,"15":10,"16":10},"b":{"0":[4],"1":[4],"2":[2],"3":[9,9],"4":[1,1],"5":[6,6],"6":[6,6],"7":[10,10],"8":[10,10],"9":[10,10]}}
,"/Users/wulunyi/explore/sjsonc-parser/src/parser/index.ts": {"path":"/Users/wulunyi/explore/sjsonc-parser/src/parser/index.ts","statementMap":{"0":{"start":{"line":8,"column":0},"end":{"line":8,"column":null}},"1":{"start":{"line":27,"column":0},"end":{"line":27,"column":33}},"2":{"start":{"line":28,"column":0},"end":{"line":28,"column":34}},"3":{"start":{"line":31,"column":19},"end":{"line":31,"column":34}},"4":{"start":{"line":32,"column":18},"end":{"line":32,"column":36}},"5":{"start":{"line":34,"column":17},"end":{"line":38,"column":5}},"6":{"start":{"line":35,"column":8},"end":{"line":35,"column":77}},"7":{"start":{"line":37,"column":8},"end":{"line":37,"column":29}},"8":{"start":{"line":40,"column":28},"end":{"line":46,"column":5}},"9":{"start":{"line":41,"column":8},"end":{"line":45,"column":null}},"10":{"start":{"line":42,"column":12},"end":{"line":42,"column":59}},"11":{"start":{"line":43,"column":15},"end":{"line":45,"column":null}},"12":{"start":{"line":44,"column":12},"end":{"line":44,"column":60}},"13":{"start":{"line":48,"column":24},"end":{"line":83,"column":5}},"14":{"start":{"line":49,"column":23},"end":{"line":49,"column":44}},"15":{"start":{"line":51,"column":8},"end":{"line":80,"column":null}},"16":{"start":{"line":52,"column":26},"end":{"line":52,"column":39}},"17":{"start":{"line":54,"column":12},"end":{"line":56,"column":null}},"18":{"start":{"line":55,"column":16},"end":{"line":55,"column":40}},"19":{"start":{"line":58,"column":12},"end":{"line":62,"column":null}},"20":{"start":{"line":59,"column":16},"end":{"line":59,"column":39}},"21":{"start":{"line":61,"column":16},"end":{"line":61,"column":25}},"22":{"start":{"line":64,"column":12},"end":{"line":71,"column":null}},"23":{"start":{"line":67,"column":20},"end":{"line":67,"column":63}},"24":{"start":{"line":68,"column":20},"end":{"line":68,"column":26}},"25":{"start":{"line":70,"column":20},"end":{"line":70,"column":44}},"26":{"start":{"line":73,"column":12},"end":{"line":79,"column":null}},"27":{"start":{"line":74,"column":16},"end":{"line":74,"column":25}},"28":{"start":{"line":75,"column":19},"end":{"line":79,"column":null}},"29":{"start":{"line":76,"column":16},"end":{"line":76,"column":22}},"30":{"start":{"line":78,"column":16},"end":{"line":78,"column":40}},"31":{"start":{"line":82,"column":8},"end":{"line":82,"column":22}},"32":{"start":{"line":85,"column":26},"end":{"line":96,"column":5}},"33":{"start":{"line":86,"column":20},"end":{"line":86,"column":63}},"34":{"start":{"line":88,"column":18},"end":{"line":88,"column":23}},"35":{"start":{"line":89,"column":8},"end":{"line":93,"column":null}},"36":{"start":{"line":90,"column":26},"end":{"line":90,"column":32}},"37":{"start":{"line":92,"column":12},"end":{"line":92,"column":58}},"38":{"start":{"line":95,"column":8},"end":{"line":95,"column":32}},"39":{"start":{"line":98,"column":23},"end":{"line":120,"column":5}},"40":{"start":{"line":99,"column":22},"end":{"line":99,"column":42}},"41":{"start":{"line":101,"column":8},"end":{"line":117,"column":null}},"42":{"start":{"line":102,"column":26},"end":{"line":102,"column":39}},"43":{"start":{"line":104,"column":12},"end":{"line":106,"column":null}},"44":{"start":{"line":105,"column":16},"end":{"line":105,"column":40}},"45":{"start":{"line":108,"column":12},"end":{"line":108,"column":51}},"46":{"start":{"line":110,"column":12},"end":{"line":116,"column":null}},"47":{"start":{"line":111,"column":16},"end":{"line":111,"column":25}},"48":{"start":{"line":112,"column":19},"end":{"line":116,"column":null}},"49":{"start":{"line":113,"column":16},"end":{"line":113,"column":22}},"50":{"start":{"line":115,"column":16},"end":{"line":115,"column":40}},"51":{"start":{"line":119,"column":8},"end":{"line":119,"column":21}},"52":{"start":{"line":122,"column":23},"end":{"line":152,"column":5}},"53":{"start":{"line":125,"column":8},"end":{"line":149,"column":null}},"54":{"start":{"line":127,"column":16},"end":{"line":127,"column":63}},"55":{"start":{"line":128,"column":16},"end":{"line":128,"column":22}},"56":{"start":{"line":130,"column":16},"end":{"line":130,"column":71}},"57":{"start":{"line":131,"column":16},"end":{"line":131,"column":22}},"58":{"start":{"line":133,"column":16},"end":{"line":133,"column":56}},"59":{"start":{"line":134,"column":16},"end":{"line":134,"column":22}},"60":{"start":{"line":136,"column":16},"end":{"line":136,"column":56}},"61":{"start":{"line":137,"column":16},"end":{"line":137,"column":22}},"62":{"start":{"line":139,"column":16},"end":{"line":139,"column":57}},"63":{"start":{"line":140,"column":16},"end":{"line":140,"column":22}},"64":{"start":{"line":142,"column":16},"end":{"line":142,"column":38}},"65":{"start":{"line":143,"column":16},"end":{"line":143,"column":22}},"66":{"start":{"line":145,"column":16},"end":{"line":145,"column":37}},"67":{"start":{"line":146,"column":16},"end":{"line":146,"column":22}},"68":{"start":{"line":148,"column":16},"end":{"line":148,"column":40}},"69":{"start":{"line":151,"column":8},"end":{"line":151,"column":21}},"70":{"start":{"line":154,"column":4},"end":{"line":173,"column":null}},"71":{"start":{"line":155,"column":22},"end":{"line":155,"column":35}},"72":{"start":{"line":157,"column":8},"end":{"line":161,"column":null}},"73":{"start":{"line":158,"column":12},"end":{"line":158,"column":35}},"74":{"start":{"line":160,"column":12},"end":{"line":160,"column":21}},"75":{"start":{"line":163,"column":8},"end":{"line":172,"column":null}},"76":{"start":{"line":165,"column":16},"end":{"line":165,"column":48}},"77":{"start":{"line":166,"column":16},"end":{"line":166,"column":22}},"78":{"start":{"line":168,"column":16},"end":{"line":168,"column":47}},"79":{"start":{"line":169,"column":16},"end":{"line":169,"column":22}},"80":{"start":{"line":171,"column":16},"end":{"line":171,"column":40}},"81":{"start":{"line":175,"column":4},"end":{"line":175,"column":18}},"82":{"start":{"line":30,"column":0},"end":{"line":30,"column":16}},"83":{"start":{"line":178,"column":10},"end":{"line":178,"column":58}}},"fnMap":{"0":{"name":"parse","decl":{"start":{"line":30,"column":16},"end":{"line":30,"column":21}},"loc":{"start":{"line":30,"column":31},"end":{"line":176,"column":1}}},"1":{"name":"(anonymous_1)","decl":{"start":{"line":34,"column":17},"end":{"line":34,"column":20}},"loc":{"start":{"line":34,"column":22},"end":{"line":38,"column":5}}},"2":{"name":"(anonymous_2)","decl":{"start":{"line":40,"column":28},"end":{"line":40,"column":29}},"loc":{"start":{"line":40,"column":49},"end":{"line":46,"column":5}}},"3":{"name":"(anonymous_3)","decl":{"start":{"line":48,"column":24},"end":{"line":48,"column":42}},"loc":{"start":{"line":48,"column":44},"end":{"line":83,"column":5}}},"4":{"name":"(anonymous_4)","decl":{"start":{"line":85,"column":26},"end":{"line":85,"column":27}},"loc":{"start":{"line":85,"column":64},"end":{"line":96,"column":5}}},"5":{"name":"(anonymous_5)","decl":{"start":{"line":98,"column":23},"end":{"line":98,"column":40}},"loc":{"start":{"line":98,"column":42},"end":{"line":120,"column":5}}},"6":{"name":"(anonymous_6)","decl":{"start":{"line":122,"column":23},"end":{"line":122,"column":24}},"loc":{"start":{"line":122,"column":55},"end":{"line":152,"column":5}}}},"branchMap":{"0":{"loc":{"start":{"line":30,"column":29},"end":{"line":30,"column":31}},"type":"default-arg","locations":[{"start":{"line":30,"column":29},"end":{"line":30,"column":31}}]},"1":{"loc":{"start":{"line":35,"column":15},"end":{"line":35,"column":41}},"type":"binary-expr","locations":[{"start":{"line":35,"column":15},"end":{"line":35,"column":41}},{"start":{"line":35,"column":45},"end":{"line":35,"column":73}}]},"2":{"loc":{"start":{"line":41,"column":8},"end":{"line":45,"column":null}},"type":"if","locations":[{"start":{"line":41,"column":8},"end":{"line":45,"column":null}},{"start":{"line":41,"column":8},"end":{"line":45,"column":null}}]},"3":{"loc":{"start":{"line":43,"column":15},"end":{"line":45,"column":null}},"type":"if","locations":[{"start":{"line":43,"column":15},"end":{"line":45,"column":null}},{"start":{"line":43,"column":15},"end":{"line":45,"column":null}}]},"4":{"loc":{"start":{"line":54,"column":12},"end":{"line":56,"column":null}},"type":"if","locations":[{"start":{"line":54,"column":12},"end":{"line":56,"column":null}},{"start":{"line":54,"column":12},"end":{"line":56,"column":null}}]},"5":{"loc":{"start":{"line":58,"column":12},"end":{"line":62,"column":null}},"type":"if","locations":[{"start":{"line":58,"column":12},"end":{"line":62,"column":null}},{"start":{"line":58,"column":12},"end":{"line":62,"column":null}}]},"6":{"loc":{"start":{"line":65,"column":16},"end":{"line":65,"column":34}},"type":"switch","locations":[{"start":{"line":65,"column":16},"end":{"line":65,"column":34}},{"start":{"line":66,"column":16},"end":{"line":68,"column":26}},{"start":{"line":69,"column":16},"end":{"line":70,"column":44}}]},"7":{"loc":{"start":{"line":73,"column":12},"end":{"line":79,"column":null}},"type":"if","locations":[{"start":{"line":73,"column":12},"end":{"line":79,"column":null}},{"start":{"line":73,"column":12},"end":{"line":79,"column":null}}]},"8":{"loc":{"start":{"line":75,"column":19},"end":{"line":79,"column":null}},"type":"if","locations":[{"start":{"line":75,"column":19},"end":{"line":79,"column":null}},{"start":{"line":75,"column":19},"end":{"line":79,"column":null}}]},"9":{"loc":{"start":{"line":89,"column":8},"end":{"line":93,"column":null}},"type":"if","locations":[{"start":{"line":89,"column":8},"end":{"line":93,"column":null}},{"start":{"line":89,"column":8},"end":{"line":93,"column":null}}]},"10":{"loc":{"start":{"line":104,"column":12},"end":{"line":106,"column":null}},"type":"if","locations":[{"start":{"line":104,"column":12},"end":{"line":106,"column":null}},{"start":{"line":104,"column":12},"end":{"line":106,"column":null}}]},"11":{"loc":{"start":{"line":110,"column":12},"end":{"line":116,"column":null}},"type":"if","locations":[{"start":{"line":110,"column":12},"end":{"line":116,"column":null}},{"start":{"line":110,"column":12},"end":{"line":116,"column":null}}]},"12":{"loc":{"start":{"line":112,"column":19},"end":{"line":116,"column":null}},"type":"if","locations":[{"start":{"line":112,"column":19},"end":{"line":116,"column":null}},{"start":{"line":112,"column":19},"end":{"line":116,"column":null}}]},"13":{"loc":{"start":{"line":126,"column":12},"end":{"line":128,"column":22}},"type":"switch","locations":[{"start":{"line":126,"column":12},"end":{"line":128,"column":22}},{"start":{"line":129,"column":12},"end":{"line":131,"column":22}},{"start":{"line":132,"column":12},"end":{"line":134,"column":22}},{"start":{"line":135,"column":12},"end":{"line":137,"column":22}},{"start":{"line":138,"column":12},"end":{"line":140,"column":22}},{"start":{"line":141,"column":12},"end":{"line":143,"column":22}},{"start":{"line":144,"column":12},"end":{"line":146,"column":22}},{"start":{"line":147,"column":12},"end":{"line":148,"column":40}}]},"14":{"loc":{"start":{"line":157,"column":8},"end":{"line":161,"column":null}},"type":"if","locations":[{"start":{"line":157,"column":8},"end":{"line":161,"column":null}},{"start":{"line":157,"column":8},"end":{"line":161,"column":null}}]},"15":{"loc":{"start":{"line":164,"column":12},"end":{"line":166,"column":22}},"type":"switch","locations":[{"start":{"line":164,"column":12},"end":{"line":166,"column":22}},{"start":{"line":167,"column":12},"end":{"line":169,"column":22}},{"start":{"line":170,"column":12},"end":{"line":171,"column":40}}]}},"s":{"0":1,"1":1,"2":1,"3":4,"4":4,"5":4,"6":34,"7":34,"8":4,"9":0,"10":0,"11":0,"12":0,"13":4,"14":3,"15":3,"16":6,"17":6,"18":0,"19":6,"20":0,"21":0,"22":6,"23":6,"24":6,"25":0,"26":6,"27":4,"28":2,"29":2,"30":0,"31":3,"32":4,"33":6,"34":6,"35":6,"36":6,"37":6,"38":0,"39":4,"40":1,"41":1,"42":0,"43":0,"44":0,"45":0,"46":0,"47":0,"48":0,"49":0,"50":0,"51":1,"52":4,"53":6,"54":4,"55":4,"56":2,"57":2,"58":0,"59":0,"60":0,"61":0,"62":0,"63":0,"64":0,"65":0,"66":0,"67":0,"68":0,"69":6,"70":4,"71":4,"72":4,"73":0,"74":0,"75":4,"76":3,"77":3,"78":1,"79":1,"80":0,"81":4,"82":1,"83":1},"f":{"0":4,"1":34,"2":0,"3":3,"4":6,"5":1,"6":6},"b":{"0":[0],"1":[44,40],"2":[0,0],"3":[0,0],"4":[0,6],"5":[0,6],"6":[2,6,0],"7":[4,2],"8":[2,0],"9":[6,0],"10":[0,0],"11":[0,0],"12":[0,0],"13":[4,2,0,0,0,0,0,0],"14":[0,4],"15":[3,1,0]}}
}
