TN:
SF:/Users/wulunyi/explore/sjsonc-parser/src/lexer/index.ts
FN:23,(anonymous_0)
FN:88,(anonymous_1)
FN:77,(anonymous_2)
FN:84,(anonymous_3)
FN:94,(anonymous_4)
FNF:5
FNH:5
FNDA:1,(anonymous_0)
FNDA:15,(anonymous_1)
FNDA:15,(anonymous_2)
FNDA:104,(anonymous_3)
FNDA:75,(anonymous_4)
DA:1,2
DA:2,2
DA:18,2
DA:23,2
DA:28,2
DA:36,2
DA:76,2
DA:78,15
DA:81,15
DA:82,15
DA:85,104
DA:88,15
DA:89,15
DA:91,15
DA:95,75
DA:96,74
DA:99,1
LF:17
LH:17
BRDA:95,0,0,74
BRDA:95,0,1,1
BRDA:95,1,0,75
BRDA:95,1,1,61
BRF:4
BRH:4
end_of_record
TN:
SF:/Users/wulunyi/explore/sjsonc-parser/src/parser/helper.ts
FN:32,createProgram
FN:40,createObjectPattern
FN:49,createProperty
FN:60,createIdentifier
FN:68,createArrayPattern
FN:75,createLiteral
FN:83,createLineComment
FN:92,createBlockComment
FN:108,createSourceLocation
FN:129,isNotUseToken
FN:136,isRightBraceToken
FN:140,isRightBracketToken
FN:144,isColonToken
FN:150,isCommaToken
FN:154,isLineCommentToken
FN:158,isBlockCommentToken
FN:162,isCommentToken
FNF:17
FNH:14
FNDA:6,createProgram
FNDA:4,createObjectPattern
FNDA:6,createProperty
FNDA:6,createIdentifier
FNDA:2,createArrayPattern
FNDA:6,createLiteral
FNDA:0,createLineComment
FNDA:0,createBlockComment
FNDA:0,createSourceLocation
FNDA:40,isNotUseToken
FNDA:9,isRightBraceToken
FNDA:1,isRightBracketToken
FNDA:6,isColonToken
FNDA:6,isCommaToken
FNDA:10,isLineCommentToken
FNDA:10,isBlockCommentToken
FNDA:10,isCommentToken
DA:15,1
DA:32,1
DA:33,6
DA:40,1
DA:43,4
DA:49,1
DA:53,6
DA:60,1
DA:61,6
DA:68,1
DA:69,2
DA:75,1
DA:76,6
DA:83,1
DA:84,0
DA:92,1
DA:93,0
DA:101,1
DA:106,1
DA:108,1
DA:109,0
DA:110,0
DA:111,0
DA:113,0
DA:129,1
DA:130,40
DA:136,1
DA:137,9
DA:140,1
DA:141,1
DA:144,1
DA:145,6
DA:148,1
DA:150,1
DA:151,6
DA:154,1
DA:155,10
DA:158,1
DA:159,10
DA:162,1
DA:163,10
LF:41
LH:35
BRDA:32,0,0,4
BRDA:41,1,0,4
BRDA:68,2,0,2
BRDA:137,3,0,9
BRDA:137,3,1,9
BRDA:141,4,0,1
BRDA:141,4,1,1
BRDA:145,5,0,6
BRDA:145,5,1,6
BRDA:151,6,0,6
BRDA:151,6,1,6
BRDA:155,7,0,10
BRDA:155,7,1,10
BRDA:159,8,0,10
BRDA:159,8,1,10
BRDA:163,9,0,10
BRDA:163,9,1,10
BRF:17
BRH:17
end_of_record
TN:
SF:/Users/wulunyi/explore/sjsonc-parser/src/parser/index.ts
FN:30,parse
FN:34,(anonymous_1)
FN:40,(anonymous_2)
FN:48,(anonymous_3)
FN:85,(anonymous_4)
FN:98,(anonymous_5)
FN:122,(anonymous_6)
FNF:7
FNH:6
FNDA:4,parse
FNDA:34,(anonymous_1)
FNDA:0,(anonymous_2)
FNDA:3,(anonymous_3)
FNDA:6,(anonymous_4)
FNDA:1,(anonymous_5)
FNDA:6,(anonymous_6)
DA:8,1
DA:27,1
DA:28,1
DA:30,1
DA:31,4
DA:32,4
DA:34,4
DA:35,34
DA:37,34
DA:40,4
DA:41,0
DA:42,0
DA:43,0
DA:44,0
DA:48,4
DA:49,3
DA:51,3
DA:52,6
DA:54,6
DA:55,0
DA:58,6
DA:59,0
DA:61,0
DA:64,6
DA:67,6
DA:68,6
DA:70,0
DA:73,6
DA:74,4
DA:75,2
DA:76,2
DA:78,0
DA:82,3
DA:85,4
DA:86,6
DA:88,6
DA:89,6
DA:90,6
DA:92,6
DA:95,0
DA:98,4
DA:99,1
DA:101,1
DA:102,0
DA:104,0
DA:105,0
DA:108,0
DA:110,0
DA:111,0
DA:112,0
DA:113,0
DA:115,0
DA:119,1
DA:122,4
DA:125,6
DA:127,4
DA:128,4
DA:130,2
DA:131,2
DA:133,0
DA:134,0
DA:136,0
DA:137,0
DA:139,0
DA:140,0
DA:142,0
DA:143,0
DA:145,0
DA:146,0
DA:148,0
DA:151,6
DA:154,4
DA:155,4
DA:157,4
DA:158,0
DA:160,0
DA:163,4
DA:165,3
DA:166,3
DA:168,1
DA:169,1
DA:171,0
DA:175,4
DA:178,1
LF:84
LH:51
BRDA:30,0,0,0
BRDA:35,1,0,44
BRDA:35,1,1,40
BRDA:41,2,0,0
BRDA:41,2,1,0
BRDA:43,3,0,0
BRDA:43,3,1,0
BRDA:54,4,0,0
BRDA:54,4,1,6
BRDA:58,5,0,0
BRDA:58,5,1,6
BRDA:65,6,0,2
BRDA:65,6,1,6
BRDA:65,6,2,0
BRDA:73,7,0,4
BRDA:73,7,1,2
BRDA:75,8,0,2
BRDA:75,8,1,0
BRDA:89,9,0,6
BRDA:89,9,1,0
BRDA:104,10,0,0
BRDA:104,10,1,0
BRDA:110,11,0,0
BRDA:110,11,1,0
BRDA:112,12,0,0
BRDA:112,12,1,0
BRDA:126,13,0,4
BRDA:126,13,1,2
BRDA:126,13,2,0
BRDA:126,13,3,0
BRDA:126,13,4,0
BRDA:126,13,5,0
BRDA:126,13,6,0
BRDA:126,13,7,0
BRDA:157,14,0,0
BRDA:157,14,1,4
BRDA:164,15,0,3
BRDA:164,15,1,1
BRDA:164,15,2,0
BRF:39
BRH:15
end_of_record
