TN:
SF:/Users/wulunyi/explore/sjsonc-parser/src/lexer/index.ts
FN:23,(anonymous_0)
FN:88,(anonymous_1)
FN:77,(anonymous_2)
FN:84,(anonymous_3)
FN:94,(anonymous_4)
FNF:5
FNH:5
FNDA:1,(anonymous_0)
FNDA:12,(anonymous_1)
FNDA:12,(anonymous_2)
FNDA:26,(anonymous_3)
FNDA:34,(anonymous_4)
DA:1,2
DA:2,2
DA:18,2
DA:23,2
DA:28,2
DA:36,2
DA:76,2
DA:78,12
DA:81,12
DA:82,12
DA:85,26
DA:88,12
DA:89,12
DA:91,12
DA:95,34
DA:96,33
DA:99,1
LF:17
LH:17
BRDA:95,0,0,33
BRDA:95,0,1,1
BRDA:95,1,0,34
BRDA:95,1,1,23
BRF:4
BRH:4
end_of_record
TN:
SF:/Users/wulunyi/explore/sjsonc-parser/src/parser/helper.ts
FN:33,createProgram
FN:48,createObjectPattern
FN:59,createProperty
FN:72,createIdentifier
FN:85,createArrayPattern
FN:96,createLiteral
FN:109,createLineComment
FN:118,createBlockComment
FN:134,startLocation
FN:141,endLocation
FN:156,createSourceLocation
FN:163,isNotUseToken
FN:170,isRightBraceToken
FN:174,isRightBracketToken
FN:178,isColonToken
FN:184,isCommaToken
FN:188,isLineCommentToken
FN:192,isBlockCommentToken
FN:196,isCommentToken
FNF:19
FNH:10
FNDA:1,createProgram
FNDA:1,createObjectPattern
FNDA:0,createProperty
FNDA:0,createIdentifier
FNDA:0,createArrayPattern
FNDA:0,createLiteral
FNDA:0,createLineComment
FNDA:0,createBlockComment
FNDA:1,startLocation
FNDA:2,endLocation
FNDA:1,createSourceLocation
FNDA:2,isNotUseToken
FNDA:1,isRightBraceToken
FNDA:0,isRightBracketToken
FNDA:0,isColonToken
FNDA:0,isCommaToken
FNDA:1,isLineCommentToken
FNDA:1,isBlockCommentToken
FNDA:1,isCommentToken
DA:17,1
DA:33,1
DA:38,1
DA:48,1
DA:52,1
DA:59,1
DA:64,0
DA:72,1
DA:77,0
DA:85,1
DA:89,0
DA:96,1
DA:101,0
DA:109,1
DA:110,0
DA:118,1
DA:119,0
DA:127,1
DA:132,1
DA:134,1
DA:135,1
DA:141,1
DA:142,2
DA:143,2
DA:144,2
DA:146,2
DA:156,1
DA:157,1
DA:163,1
DA:164,2
DA:170,1
DA:171,1
DA:174,1
DA:175,0
DA:178,1
DA:179,0
DA:182,1
DA:184,1
DA:185,0
DA:188,1
DA:189,1
DA:192,1
DA:193,1
DA:196,1
DA:197,1
LF:45
LH:36
BRDA:50,0,0,1
BRDA:87,1,0,0
BRDA:171,2,0,1
BRDA:171,2,1,1
BRDA:175,3,0,0
BRDA:175,3,1,0
BRDA:179,4,0,0
BRDA:179,4,1,0
BRDA:185,5,0,0
BRDA:185,5,1,0
BRDA:189,6,0,1
BRDA:189,6,1,1
BRDA:193,7,0,1
BRDA:193,7,1,1
BRDA:197,8,0,1
BRDA:197,8,1,1
BRF:16
BRH:9
end_of_record
TN:
SF:/Users/wulunyi/explore/sjsonc-parser/src/parser/index.ts
FN:35,parse
FN:40,(anonymous_1)
FN:46,(anonymous_2)
FN:54,(anonymous_3)
FN:93,(anonymous_4)
FN:113,(anonymous_5)
FN:139,(anonymous_6)
FNF:7
FNH:3
FNDA:1,parse
FNDA:3,(anonymous_1)
FNDA:0,(anonymous_2)
FNDA:1,(anonymous_3)
FNDA:0,(anonymous_4)
FNDA:0,(anonymous_5)
FNDA:0,(anonymous_6)
DA:11,1
DA:32,1
DA:33,1
DA:35,1
DA:36,1
DA:37,1
DA:38,1
DA:40,1
DA:41,3
DA:43,3
DA:46,1
DA:47,0
DA:48,0
DA:49,0
DA:50,0
DA:54,1
DA:55,1
DA:57,1
DA:58,0
DA:60,0
DA:61,0
DA:64,0
DA:65,0
DA:67,0
DA:70,0
DA:73,0
DA:74,0
DA:76,0
DA:79,0
DA:80,0
DA:81,0
DA:82,0
DA:84,0
DA:88,1
DA:90,1
DA:93,1
DA:94,0
DA:100,0
DA:101,0
DA:102,0
DA:104,0
DA:110,0
DA:113,1
DA:114,0
DA:116,0
DA:117,0
DA:119,0
DA:120,0
DA:123,0
DA:125,0
DA:126,0
DA:127,0
DA:128,0
DA:130,0
DA:134,0
DA:136,0
DA:139,1
DA:142,0
DA:144,0
DA:149,0
DA:151,0
DA:156,0
DA:158,0
DA:163,0
DA:165,0
DA:170,0
DA:172,0
DA:177,0
DA:179,0
DA:180,0
DA:182,0
DA:183,0
DA:185,0
DA:188,0
DA:191,1
DA:192,1
DA:194,1
DA:195,0
DA:197,0
DA:200,1
DA:202,1
DA:203,1
DA:205,0
DA:206,0
DA:208,0
DA:214,1
DA:215,0
DA:226,1
DA:232,1
LF:89
LH:28
BRDA:35,0,0,0
BRDA:41,1,0,3
BRDA:41,1,1,2
BRDA:47,2,0,0
BRDA:47,2,1,0
BRDA:49,3,0,0
BRDA:49,3,1,0
BRDA:60,4,0,0
BRDA:60,4,1,0
BRDA:64,5,0,0
BRDA:64,5,1,0
BRDA:71,6,0,0
BRDA:71,6,1,0
BRDA:71,6,2,0
BRDA:79,7,0,0
BRDA:79,7,1,0
BRDA:81,8,0,0
BRDA:81,8,1,0
BRDA:100,9,0,0
BRDA:100,9,1,0
BRDA:119,10,0,0
BRDA:119,10,1,0
BRDA:125,11,0,0
BRDA:125,11,1,0
BRDA:127,12,0,0
BRDA:127,12,1,0
BRDA:143,13,0,0
BRDA:143,13,1,0
BRDA:143,13,2,0
BRDA:143,13,3,0
BRDA:143,13,4,0
BRDA:143,13,5,0
BRDA:143,13,6,0
BRDA:143,13,7,0
BRDA:194,14,0,0
BRDA:194,14,1,1
BRDA:201,15,0,1
BRDA:201,15,1,0
BRDA:201,15,2,0
BRDA:214,16,0,0
BRDA:214,16,1,1
BRF:41
BRH:5
end_of_record
